Command line invocation:
    /Applications/Xcode.app/Contents/Developer/usr/bin/xcodebuild -workspace /Users/liorshaposhnikov/Desktop/ParkeyV3/parkey/ios/parkey.xcworkspace -configuration Debug -scheme parkey -destination id=CCE2BCC9-4F66-4B44-BAD6-C59874BEE3CC

User defaults from command line:
    IDEPackageSupportUseBuiltinSCM = YES

Prepare packages

ComputeTargetDependencyGraph
note: Building targets in dependency order
note: Target dependency graph (92 targets)
    Target 'parkey' in project 'parkey'
        ➜ Implicit dependency on target 'Pods-parkey' in project 'Pods' via file 'Pods_parkey.framework' in build phase 'Link Binary'
        ➜ Implicit dependency on target 'AppAuth' in project 'Pods' via options '-framework AppAuth' in build setting 'OTHER_LDFLAGS'
        ➜ Implicit dependency on target 'React-CoreModules' in project 'Pods' via options '-framework CoreModules' in build setting 'OTHER_LDFLAGS'
        ➜ Implicit dependency on target 'DoubleConversion' in project 'Pods' via options '-framework DoubleConversion' in build setting 'OTHER_LDFLAGS'
        ➜ Implicit dependency on target 'PromisesObjC' in project 'Pods' via options '-framework FBLPromises' in build setting 'OTHER_LDFLAGS'
        ➜ Implicit dependency on target 'FirebaseAppCheckInterop' in project 'Pods' via options '-framework FirebaseAppCheckInterop' in build setting 'OTHER_LDFLAGS'
        ➜ Implicit dependency on target 'FirebaseAuth' in project 'Pods' via options '-framework FirebaseAuth' in build setting 'OTHER_LDFLAGS'
        ➜ Implicit dependency on target 'FirebaseCore' in project 'Pods' via options '-framework FirebaseCore' in build setting 'OTHER_LDFLAGS'
        ➜ Implicit dependency on target 'FirebaseCoreExtension' in project 'Pods' via options '-framework FirebaseCoreExtension' in build setting 'OTHER_LDFLAGS'
        ➜ Implicit dependency on target 'FirebaseCoreInternal' in project 'Pods' via options '-framework FirebaseCoreInternal' in build setting 'OTHER_LDFLAGS'
        ➜ Implicit dependency on target 'FirebaseCrashlytics' in project 'Pods' via options '-framework FirebaseCrashlytics' in build setting 'OTHER_LDFLAGS'
        ➜ Implicit dependency on target 'FirebaseInstallations' in project 'Pods' via options '-framework FirebaseInstallations' in build setting 'OTHER_LDFLAGS'
        ➜ Implicit dependency on target 'FirebaseSessions' in project 'Pods' via options '-framework FirebaseSessions' in build setting 'OTHER_LDFLAGS'
        ➜ Implicit dependency on target 'GTMAppAuth' in project 'Pods' via options '-framework GTMAppAuth' in build setting 'OTHER_LDFLAGS'
        ➜ Implicit dependency on target 'GTMSessionFetcher' in project 'Pods' via options '-framework GTMSessionFetcher' in build setting 'OTHER_LDFLAGS'
        ➜ Implicit dependency on target 'GoogleDataTransport' in project 'Pods' via options '-framework GoogleDataTransport' in build setting 'OTHER_LDFLAGS'
        ➜ Implicit dependency on target 'Google-Maps-iOS-Utils' in project 'Pods' via options '-framework GoogleMapsUtils' in build setting 'OTHER_LDFLAGS'
        ➜ Implicit dependency on target 'GoogleSignIn' in project 'Pods' via options '-framework GoogleSignIn' in build setting 'OTHER_LDFLAGS'
        ➜ Implicit dependency on target 'GoogleUtilities' in project 'Pods' via options '-framework GoogleUtilities' in build setting 'OTHER_LDFLAGS'
        ➜ Implicit dependency on target 'MMKV' in project 'Pods' via options '-framework MMKV' in build setting 'OTHER_LDFLAGS'
        ➜ Implicit dependency on target 'MMKVCore' in project 'Pods' via options '-framework MMKVCore' in build setting 'OTHER_LDFLAGS'
        ➜ Implicit dependency on target 'PromisesSwift' in project 'Pods' via options '-framework Promises' in build setting 'OTHER_LDFLAGS'
        ➜ Implicit dependency on target 'React-RCTAnimation' in project 'Pods' via options '-framework RCTAnimation' in build setting 'OTHER_LDFLAGS'
        ➜ Implicit dependency on target 'React-RCTBlob' in project 'Pods' via options '-framework RCTBlob' in build setting 'OTHER_LDFLAGS'
        ➜ Implicit dependency on target 'React-RCTFabric' in project 'Pods' via options '-framework RCTFabric' in build setting 'OTHER_LDFLAGS'
        ➜ Implicit dependency on target 'React-RCTImage' in project 'Pods' via options '-framework RCTImage' in build setting 'OTHER_LDFLAGS'
        ➜ Implicit dependency on target 'React-RCTLinking' in project 'Pods' via options '-framework RCTLinking' in build setting 'OTHER_LDFLAGS'
        ➜ Implicit dependency on target 'React-RCTNetwork' in project 'Pods' via options '-framework RCTNetwork' in build setting 'OTHER_LDFLAGS'
        ➜ Implicit dependency on target 'React-RCTSettings' in project 'Pods' via options '-framework RCTSettings' in build setting 'OTHER_LDFLAGS'
        ➜ Implicit dependency on target 'React-RCTText' in project 'Pods' via options '-framework RCTText' in build setting 'OTHER_LDFLAGS'
        ➜ Implicit dependency on target 'RCTTypeSafety' in project 'Pods' via options '-framework RCTTypeSafety' in build setting 'OTHER_LDFLAGS'
        ➜ Implicit dependency on target 'React-RCTVibration' in project 'Pods' via options '-framework RCTVibration' in build setting 'OTHER_LDFLAGS'
        ➜ Implicit dependency on target 'RNCMaskedView' in project 'Pods' via options '-framework RNCMaskedView' in build setting 'OTHER_LDFLAGS'
        ➜ Implicit dependency on target 'RNFBApp' in project 'Pods' via options '-framework RNFBApp' in build setting 'OTHER_LDFLAGS'
        ➜ Implicit dependency on target 'RNFBAuth' in project 'Pods' via options '-framework RNFBAuth' in build setting 'OTHER_LDFLAGS'
        ➜ Implicit dependency on target 'RNFBCrashlytics' in project 'Pods' via options '-framework RNFBCrashlytics' in build setting 'OTHER_LDFLAGS'
        ➜ Implicit dependency on target 'RNGestureHandler' in project 'Pods' via options '-framework RNGestureHandler' in build setting 'OTHER_LDFLAGS'
        ➜ Implicit dependency on target 'RNGoogleSignin' in project 'Pods' via options '-framework RNGoogleSignin' in build setting 'OTHER_LDFLAGS'
        ➜ Implicit dependency on target 'RNReanimated' in project 'Pods' via options '-framework RNReanimated' in build setting 'OTHER_LDFLAGS'
        ➜ Implicit dependency on target 'RNScreens' in project 'Pods' via options '-framework RNScreens' in build setting 'OTHER_LDFLAGS'
        ➜ Implicit dependency on target 'RNVectorIcons' in project 'Pods' via options '-framework RNVectorIcons' in build setting 'OTHER_LDFLAGS'
        ➜ Implicit dependency on target 'React-Core' in project 'Pods' via options '-framework React' in build setting 'OTHER_LDFLAGS'
        ➜ Implicit dependency on target 'ReactCommon' in project 'Pods' via options '-framework ReactCommon' in build setting 'OTHER_LDFLAGS'
        ➜ Implicit dependency on target 'React-Codegen' in project 'Pods' via options '-framework React_Codegen' in build setting 'OTHER_LDFLAGS'
        ➜ Implicit dependency on target 'React-Fabric' in project 'Pods' via options '-framework React_Fabric' in build setting 'OTHER_LDFLAGS'
        ➜ Implicit dependency on target 'React-FabricImage' in project 'Pods' via options '-framework React_FabricImage' in build setting 'OTHER_LDFLAGS'
        ➜ Implicit dependency on target 'React-ImageManager' in project 'Pods' via options '-framework React_ImageManager' in build setting 'OTHER_LDFLAGS'
        ➜ Implicit dependency on target 'React-Mapbuffer' in project 'Pods' via options '-framework React_Mapbuffer' in build setting 'OTHER_LDFLAGS'
        ➜ Implicit dependency on target 'React-NativeModulesApple' in project 'Pods' via options '-framework React_NativeModulesApple' in build setting 'OTHER_LDFLAGS'
        ➜ Implicit dependency on target 'React-RCTAppDelegate' in project 'Pods' via options '-framework React_RCTAppDelegate' in build setting 'OTHER_LDFLAGS'
        ➜ Implicit dependency on target 'React-debug' in project 'Pods' via options '-framework React_debug' in build setting 'OTHER_LDFLAGS'
        ➜ Implicit dependency on target 'React-graphics' in project 'Pods' via options '-framework React_graphics' in build setting 'OTHER_LDFLAGS'
        ➜ Implicit dependency on target 'React-jserrorhandler' in project 'Pods' via options '-framework React_jserrorhandler' in build setting 'OTHER_LDFLAGS'
        ➜ Implicit dependency on target 'React-nativeconfig' in project 'Pods' via options '-framework React_nativeconfig' in build setting 'OTHER_LDFLAGS'
        ➜ Implicit dependency on target 'React-rendererdebug' in project 'Pods' via options '-framework React_rendererdebug' in build setting 'OTHER_LDFLAGS'
        ➜ Implicit dependency on target 'React-runtimescheduler' in project 'Pods' via options '-framework React_runtimescheduler' in build setting 'OTHER_LDFLAGS'
        ➜ Implicit dependency on target 'React-utils' in project 'Pods' via options '-framework React_utils' in build setting 'OTHER_LDFLAGS'
        ➜ Implicit dependency on target 'RecaptchaInterop' in project 'Pods' via options '-framework RecaptchaInterop' in build setting 'OTHER_LDFLAGS'
        ➜ Implicit dependency on target 'SocketRocket' in project 'Pods' via options '-framework SocketRocket' in build setting 'OTHER_LDFLAGS'
        ➜ Implicit dependency on target 'React-cxxreact' in project 'Pods' via options '-framework cxxreact' in build setting 'OTHER_LDFLAGS'
        ➜ Implicit dependency on target 'fmt' in project 'Pods' via options '-framework fmt' in build setting 'OTHER_LDFLAGS'
        ➜ Implicit dependency on target 'RCT-Folly' in project 'Pods' via options '-framework folly' in build setting 'OTHER_LDFLAGS'
        ➜ Implicit dependency on target 'glog' in project 'Pods' via options '-framework glog' in build setting 'OTHER_LDFLAGS'
        ➜ Implicit dependency on target 'React-jsi' in project 'Pods' via options '-framework jsi' in build setting 'OTHER_LDFLAGS'
        ➜ Implicit dependency on target 'React-jsinspector' in project 'Pods' via options '-framework jsinspector' in build setting 'OTHER_LDFLAGS'
        ➜ Implicit dependency on target 'React-jsiexecutor' in project 'Pods' via options '-framework jsireact' in build setting 'OTHER_LDFLAGS'
        ➜ Implicit dependency on target 'libevent' in project 'Pods' via options '-framework libevent' in build setting 'OTHER_LDFLAGS'
        ➜ Implicit dependency on target 'React-logger' in project 'Pods' via options '-framework logger' in build setting 'OTHER_LDFLAGS'
        ➜ Implicit dependency on target 'nanopb' in project 'Pods' via options '-framework nanopb' in build setting 'OTHER_LDFLAGS'
        ➜ Implicit dependency on target 'react-native-google-maps' in project 'Pods' via options '-framework react_native_google_maps' in build setting 'OTHER_LDFLAGS'
        ➜ Implicit dependency on target 'react-native-maps' in project 'Pods' via options '-framework react_native_maps' in build setting 'OTHER_LDFLAGS'
        ➜ Implicit dependency on target 'react-native-mmkv' in project 'Pods' via options '-framework react_native_mmkv' in build setting 'OTHER_LDFLAGS'
        ➜ Implicit dependency on target 'react-native-safe-area-context' in project 'Pods' via options '-framework react_native_safe_area_context' in build setting 'OTHER_LDFLAGS'
        ➜ Implicit dependency on target 'React-hermes' in project 'Pods' via options '-framework reacthermes' in build setting 'OTHER_LDFLAGS'
        ➜ Implicit dependency on target 'React-perflogger' in project 'Pods' via options '-framework reactperflogger' in build setting 'OTHER_LDFLAGS'
        ➜ Implicit dependency on target 'Yoga' in project 'Pods' via options '-framework yoga' in build setting 'OTHER_LDFLAGS'
    Target 'Pods-parkey' in project 'Pods'
        ➜ Explicit dependency on target 'AppAuth' in project 'Pods'
        ➜ Explicit dependency on target 'DoubleConversion' in project 'Pods'
        ➜ Explicit dependency on target 'FBLazyVector' in project 'Pods'
        ➜ Explicit dependency on target 'FBReactNativeSpec' in project 'Pods'
        ➜ Explicit dependency on target 'Firebase' in project 'Pods'
        ➜ Explicit dependency on target 'FirebaseAppCheckInterop' in project 'Pods'
        ➜ Explicit dependency on target 'FirebaseAuth' in project 'Pods'
        ➜ Explicit dependency on target 'FirebaseCore' in project 'Pods'
        ➜ Explicit dependency on target 'FirebaseCoreExtension' in project 'Pods'
        ➜ Explicit dependency on target 'FirebaseCoreInternal' in project 'Pods'
        ➜ Explicit dependency on target 'FirebaseCrashlytics' in project 'Pods'
        ➜ Explicit dependency on target 'FirebaseInstallations' in project 'Pods'
        ➜ Explicit dependency on target 'FirebaseSessions' in project 'Pods'
        ➜ Explicit dependency on target 'GTMAppAuth' in project 'Pods'
        ➜ Explicit dependency on target 'GTMSessionFetcher' in project 'Pods'
        ➜ Explicit dependency on target 'Google-Maps-iOS-Utils' in project 'Pods'
        ➜ Explicit dependency on target 'GoogleDataTransport' in project 'Pods'
        ➜ Explicit dependency on target 'GoogleMaps' in project 'Pods'
        ➜ Explicit dependency on target 'GoogleSignIn' in project 'Pods'
        ➜ Explicit dependency on target 'GoogleUtilities' in project 'Pods'
        ➜ Explicit dependency on target 'MMKV' in project 'Pods'
        ➜ Explicit dependency on target 'MMKVCore' in project 'Pods'
        ➜ Explicit dependency on target 'PromisesObjC' in project 'Pods'
        ➜ Explicit dependency on target 'PromisesSwift' in project 'Pods'
        ➜ Explicit dependency on target 'RCT-Folly' in project 'Pods'
        ➜ Explicit dependency on target 'RCTRequired' in project 'Pods'
        ➜ Explicit dependency on target 'RCTTypeSafety' in project 'Pods'
        ➜ Explicit dependency on target 'RNCMaskedView' in project 'Pods'
        ➜ Explicit dependency on target 'RNFBApp' in project 'Pods'
        ➜ Explicit dependency on target 'RNFBAuth' in project 'Pods'
        ➜ Explicit dependency on target 'RNFBCrashlytics' in project 'Pods'
        ➜ Explicit dependency on target 'RNGestureHandler' in project 'Pods'
        ➜ Explicit dependency on target 'RNGoogleSignin' in project 'Pods'
        ➜ Explicit dependency on target 'RNReanimated' in project 'Pods'
        ➜ Explicit dependency on target 'RNScreens' in project 'Pods'
        ➜ Explicit dependency on target 'RNVectorIcons' in project 'Pods'
        ➜ Explicit dependency on target 'React' in project 'Pods'
        ➜ Explicit dependency on target 'React-Codegen' in project 'Pods'
        ➜ Explicit dependency on target 'React-Core' in project 'Pods'
        ➜ Explicit dependency on target 'React-CoreModules' in project 'Pods'
        ➜ Explicit dependency on target 'React-Fabric' in project 'Pods'
        ➜ Explicit dependency on target 'React-FabricImage' in project 'Pods'
        ➜ Explicit dependency on target 'React-ImageManager' in project 'Pods'
        ➜ Explicit dependency on target 'React-Mapbuffer' in project 'Pods'
        ➜ Explicit dependency on target 'React-NativeModulesApple' in project 'Pods'
        ➜ Explicit dependency on target 'React-RCTActionSheet' in project 'Pods'
        ➜ Explicit dependency on target 'React-RCTAnimation' in project 'Pods'
        ➜ Explicit dependency on target 'React-RCTAppDelegate' in project 'Pods'
        ➜ Explicit dependency on target 'React-RCTBlob' in project 'Pods'
        ➜ Explicit dependency on target 'React-RCTFabric' in project 'Pods'
        ➜ Explicit dependency on target 'React-RCTImage' in project 'Pods'
        ➜ Explicit dependency on target 'React-RCTLinking' in project 'Pods'
        ➜ Explicit dependency on target 'React-RCTNetwork' in project 'Pods'
        ➜ Explicit dependency on target 'React-RCTSettings' in project 'Pods'
        ➜ Explicit dependency on target 'React-RCTText' in project 'Pods'
        ➜ Explicit dependency on target 'React-RCTVibration' in project 'Pods'
        ➜ Explicit dependency on target 'React-callinvoker' in project 'Pods'
        ➜ Explicit dependency on target 'React-cxxreact' in project 'Pods'
        ➜ Explicit dependency on target 'React-debug' in project 'Pods'
        ➜ Explicit dependency on target 'React-graphics' in project 'Pods'
        ➜ Explicit dependency on target 'React-hermes' in project 'Pods'
        ➜ Explicit dependency on target 'React-jserrorhandler' in project 'Pods'
        ➜ Explicit dependency on target 'React-jsi' in project 'Pods'
        ➜ Explicit dependency on target 'React-jsiexecutor' in project 'Pods'
        ➜ Explicit dependency on target 'React-jsinspector' in project 'Pods'
        ➜ Explicit dependency on target 'React-logger' in project 'Pods'
        ➜ Explicit dependency on target 'React-nativeconfig' in project 'Pods'
        ➜ Explicit dependency on target 'React-perflogger' in project 'Pods'
        ➜ Explicit dependency on target 'React-rendererdebug' in project 'Pods'
        ➜ Explicit dependency on target 'React-rncore' in project 'Pods'
        ➜ Explicit dependency on target 'React-runtimeexecutor' in project 'Pods'
        ➜ Explicit dependency on target 'React-runtimescheduler' in project 'Pods'
        ➜ Explicit dependency on target 'React-utils' in project 'Pods'
        ➜ Explicit dependency on target 'ReactCommon' in project 'Pods'
        ➜ Explicit dependency on target 'RecaptchaInterop' in project 'Pods'
        ➜ Explicit dependency on target 'SocketRocket' in project 'Pods'
        ➜ Explicit dependency on target 'Yoga' in project 'Pods'
        ➜ Explicit dependency on target 'boost' in project 'Pods'
        ➜ Explicit dependency on target 'fmt' in project 'Pods'
        ➜ Explicit dependency on target 'glog' in project 'Pods'
        ➜ Explicit dependency on target 'hermes-engine' in project 'Pods'
        ➜ Explicit dependency on target 'libevent' in project 'Pods'
        ➜ Explicit dependency on target 'nanopb' in project 'Pods'
        ➜ Explicit dependency on target 'react-native-google-maps' in project 'Pods'
        ➜ Explicit dependency on target 'react-native-maps' in project 'Pods'
        ➜ Explicit dependency on target 'react-native-mmkv' in project 'Pods'
        ➜ Explicit dependency on target 'react-native-safe-area-context' in project 'Pods'
    Target 'react-native-safe-area-context' in project 'Pods'
        ➜ Explicit dependency on target 'React-Core' in project 'Pods'
    Target 'react-native-mmkv' in project 'Pods'
        ➜ Explicit dependency on target 'MMKV' in project 'Pods'
        ➜ Explicit dependency on target 'React-Core' in project 'Pods'
    Target 'react-native-maps' in project 'Pods'
        ➜ Explicit dependency on target 'React-Core' in project 'Pods'
    Target 'react-native-google-maps' in project 'Pods'
        ➜ Explicit dependency on target 'Google-Maps-iOS-Utils' in project 'Pods'
        ➜ Explicit dependency on target 'GoogleMaps' in project 'Pods'
        ➜ Explicit dependency on target 'React-Core' in project 'Pods'
    Target 'React-jserrorhandler' in project 'Pods'
        ➜ Explicit dependency on target 'RCT-Folly' in project 'Pods'
        ➜ Explicit dependency on target 'React-Mapbuffer' in project 'Pods'
        ➜ Explicit dependency on target 'React-debug' in project 'Pods'
        ➜ Explicit dependency on target 'React-jsi' in project 'Pods'
    Target 'React-RCTAppDelegate' in project 'Pods'
        ➜ Explicit dependency on target 'RCT-Folly' in project 'Pods'
        ➜ Explicit dependency on target 'RCTRequired' in project 'Pods'
        ➜ Explicit dependency on target 'RCTTypeSafety' in project 'Pods'
        ➜ Explicit dependency on target 'React-Core' in project 'Pods'
        ➜ Explicit dependency on target 'React-CoreModules' in project 'Pods'
        ➜ Explicit dependency on target 'React-NativeModulesApple' in project 'Pods'
        ➜ Explicit dependency on target 'React-RCTFabric' in project 'Pods'
        ➜ Explicit dependency on target 'React-RCTImage' in project 'Pods'
        ➜ Explicit dependency on target 'React-RCTNetwork' in project 'Pods'
        ➜ Explicit dependency on target 'React-hermes' in project 'Pods'
        ➜ Explicit dependency on target 'React-nativeconfig' in project 'Pods'
        ➜ Explicit dependency on target 'React-runtimescheduler' in project 'Pods'
        ➜ Explicit dependency on target 'ReactCommon' in project 'Pods'
    Target 'React-RCTFabric' in project 'Pods'
        ➜ Explicit dependency on target 'RCT-Folly' in project 'Pods'
        ➜ Explicit dependency on target 'React-Core' in project 'Pods'
        ➜ Explicit dependency on target 'React-Fabric' in project 'Pods'
        ➜ Explicit dependency on target 'React-FabricImage' in project 'Pods'
        ➜ Explicit dependency on target 'React-ImageManager' in project 'Pods'
        ➜ Explicit dependency on target 'React-RCTImage' in project 'Pods'
        ➜ Explicit dependency on target 'React-RCTText' in project 'Pods'
        ➜ Explicit dependency on target 'React-debug' in project 'Pods'
        ➜ Explicit dependency on target 'React-graphics' in project 'Pods'
        ➜ Explicit dependency on target 'React-jsi' in project 'Pods'
        ➜ Explicit dependency on target 'React-nativeconfig' in project 'Pods'
        ➜ Explicit dependency on target 'React-rendererdebug' in project 'Pods'
        ➜ Explicit dependency on target 'React-runtimescheduler' in project 'Pods'
        ➜ Explicit dependency on target 'React-utils' in project 'Pods'
        ➜ Explicit dependency on target 'Yoga' in project 'Pods'
        ➜ Explicit dependency on target 'glog' in project 'Pods'
        ➜ Explicit dependency on target 'hermes-engine' in project 'Pods'
    Target 'React-nativeconfig' in project 'Pods' (no dependencies)
    Target 'React-Mapbuffer' in project 'Pods'
        ➜ Explicit dependency on target 'React-debug' in project 'Pods'
        ➜ Explicit dependency on target 'glog' in project 'Pods'
    Target 'React-FabricImage' in project 'Pods'
        ➜ Explicit dependency on target 'DoubleConversion' in project 'Pods'
        ➜ Explicit dependency on target 'RCT-Folly' in project 'Pods'
        ➜ Explicit dependency on target 'RCTRequired' in project 'Pods'
        ➜ Explicit dependency on target 'RCTTypeSafety' in project 'Pods'
        ➜ Explicit dependency on target 'React-Fabric' in project 'Pods'
        ➜ Explicit dependency on target 'React-ImageManager' in project 'Pods'
        ➜ Explicit dependency on target 'React-graphics' in project 'Pods'
        ➜ Explicit dependency on target 'React-jsi' in project 'Pods'
        ➜ Explicit dependency on target 'React-jsiexecutor' in project 'Pods'
        ➜ Explicit dependency on target 'React-logger' in project 'Pods'
        ➜ Explicit dependency on target 'React-rendererdebug' in project 'Pods'
        ➜ Explicit dependency on target 'React-utils' in project 'Pods'
        ➜ Explicit dependency on target 'ReactCommon' in project 'Pods'
        ➜ Explicit dependency on target 'Yoga' in project 'Pods'
        ➜ Explicit dependency on target 'fmt' in project 'Pods'
        ➜ Explicit dependency on target 'glog' in project 'Pods'
        ➜ Explicit dependency on target 'hermes-engine' in project 'Pods'
    Target 'React-ImageManager' in project 'Pods'
        ➜ Explicit dependency on target 'RCT-Folly' in project 'Pods'
        ➜ Explicit dependency on target 'React-Core' in project 'Pods'
        ➜ Explicit dependency on target 'React-Fabric' in project 'Pods'
        ➜ Explicit dependency on target 'React-debug' in project 'Pods'
        ➜ Explicit dependency on target 'React-graphics' in project 'Pods'
        ➜ Explicit dependency on target 'React-rendererdebug' in project 'Pods'
        ➜ Explicit dependency on target 'React-utils' in project 'Pods'
        ➜ Explicit dependency on target 'glog' in project 'Pods'
    Target 'React-Fabric' in project 'Pods'
        ➜ Explicit dependency on target 'DoubleConversion' in project 'Pods'
        ➜ Explicit dependency on target 'RCT-Folly' in project 'Pods'
        ➜ Explicit dependency on target 'RCTRequired' in project 'Pods'
        ➜ Explicit dependency on target 'RCTTypeSafety' in project 'Pods'
        ➜ Explicit dependency on target 'React-Core' in project 'Pods'
        ➜ Explicit dependency on target 'React-cxxreact' in project 'Pods'
        ➜ Explicit dependency on target 'React-debug' in project 'Pods'
        ➜ Explicit dependency on target 'React-graphics' in project 'Pods'
        ➜ Explicit dependency on target 'React-jsi' in project 'Pods'
        ➜ Explicit dependency on target 'React-jsiexecutor' in project 'Pods'
        ➜ Explicit dependency on target 'React-logger' in project 'Pods'
        ➜ Explicit dependency on target 'React-rendererdebug' in project 'Pods'
        ➜ Explicit dependency on target 'React-runtimescheduler' in project 'Pods'
        ➜ Explicit dependency on target 'React-utils' in project 'Pods'
        ➜ Explicit dependency on target 'ReactCommon' in project 'Pods'
        ➜ Explicit dependency on target 'Yoga' in project 'Pods'
        ➜ Explicit dependency on target 'fmt' in project 'Pods'
        ➜ Explicit dependency on target 'glog' in project 'Pods'
        ➜ Explicit dependency on target 'hermes-engine' in project 'Pods'
    Target 'React-graphics' in project 'Pods'
        ➜ Explicit dependency on target 'RCT-Folly' in project 'Pods'
        ➜ Explicit dependency on target 'React-Core' in project 'Pods'
        ➜ Explicit dependency on target 'React-utils' in project 'Pods'
        ➜ Explicit dependency on target 'glog' in project 'Pods'
    Target 'React-CoreModules' in project 'Pods'
        ➜ Explicit dependency on target 'RCT-Folly' in project 'Pods'
        ➜ Explicit dependency on target 'RCTTypeSafety' in project 'Pods'
        ➜ Explicit dependency on target 'React-Codegen' in project 'Pods'
        ➜ Explicit dependency on target 'React-Core' in project 'Pods'
        ➜ Explicit dependency on target 'React-NativeModulesApple' in project 'Pods'
        ➜ Explicit dependency on target 'React-RCTBlob' in project 'Pods'
        ➜ Explicit dependency on target 'React-RCTImage' in project 'Pods'
        ➜ Explicit dependency on target 'React-jsi' in project 'Pods'
        ➜ Explicit dependency on target 'ReactCommon' in project 'Pods'
        ➜ Explicit dependency on target 'SocketRocket' in project 'Pods'
    Target 'React' in project 'Pods'
        ➜ Explicit dependency on target 'React-Core' in project 'Pods'
        ➜ Explicit dependency on target 'React-RCTActionSheet' in project 'Pods'
        ➜ Explicit dependency on target 'React-RCTAnimation' in project 'Pods'
        ➜ Explicit dependency on target 'React-RCTBlob' in project 'Pods'
        ➜ Explicit dependency on target 'React-RCTImage' in project 'Pods'
        ➜ Explicit dependency on target 'React-RCTLinking' in project 'Pods'
        ➜ Explicit dependency on target 'React-RCTNetwork' in project 'Pods'
        ➜ Explicit dependency on target 'React-RCTSettings' in project 'Pods'
        ➜ Explicit dependency on target 'React-RCTText' in project 'Pods'
        ➜ Explicit dependency on target 'React-RCTVibration' in project 'Pods'
    Target 'React-RCTVibration' in project 'Pods'
        ➜ Explicit dependency on target 'RCT-Folly' in project 'Pods'
        ➜ Explicit dependency on target 'React-Codegen' in project 'Pods'
        ➜ Explicit dependency on target 'React-Core' in project 'Pods'
        ➜ Explicit dependency on target 'React-NativeModulesApple' in project 'Pods'
        ➜ Explicit dependency on target 'React-jsi' in project 'Pods'
        ➜ Explicit dependency on target 'ReactCommon' in project 'Pods'
    Target 'React-RCTText' in project 'Pods'
        ➜ Explicit dependency on target 'React-Core' in project 'Pods'
        ➜ Explicit dependency on target 'Yoga' in project 'Pods'
    Target 'React-RCTSettings' in project 'Pods'
        ➜ Explicit dependency on target 'RCT-Folly' in project 'Pods'
        ➜ Explicit dependency on target 'RCTTypeSafety' in project 'Pods'
        ➜ Explicit dependency on target 'React-Codegen' in project 'Pods'
        ➜ Explicit dependency on target 'React-Core' in project 'Pods'
        ➜ Explicit dependency on target 'React-NativeModulesApple' in project 'Pods'
        ➜ Explicit dependency on target 'React-jsi' in project 'Pods'
        ➜ Explicit dependency on target 'ReactCommon' in project 'Pods'
    Target 'React-RCTLinking' in project 'Pods'
        ➜ Explicit dependency on target 'React-Codegen' in project 'Pods'
        ➜ Explicit dependency on target 'React-Core' in project 'Pods'
        ➜ Explicit dependency on target 'React-NativeModulesApple' in project 'Pods'
        ➜ Explicit dependency on target 'React-jsi' in project 'Pods'
        ➜ Explicit dependency on target 'ReactCommon' in project 'Pods'
    Target 'React-RCTImage' in project 'Pods'
        ➜ Explicit dependency on target 'RCT-Folly' in project 'Pods'
        ➜ Explicit dependency on target 'RCTTypeSafety' in project 'Pods'
        ➜ Explicit dependency on target 'React-Codegen' in project 'Pods'
        ➜ Explicit dependency on target 'React-Core' in project 'Pods'
        ➜ Explicit dependency on target 'React-NativeModulesApple' in project 'Pods'
        ➜ Explicit dependency on target 'React-RCTNetwork' in project 'Pods'
        ➜ Explicit dependency on target 'React-jsi' in project 'Pods'
        ➜ Explicit dependency on target 'ReactCommon' in project 'Pods'
    Target 'React-RCTBlob' in project 'Pods'
        ➜ Explicit dependency on target 'RCT-Folly' in project 'Pods'
        ➜ Explicit dependency on target 'React-Codegen' in project 'Pods'
        ➜ Explicit dependency on target 'React-Core' in project 'Pods'
        ➜ Explicit dependency on target 'React-NativeModulesApple' in project 'Pods'
        ➜ Explicit dependency on target 'React-RCTNetwork' in project 'Pods'
        ➜ Explicit dependency on target 'React-jsi' in project 'Pods'
        ➜ Explicit dependency on target 'ReactCommon' in project 'Pods'
        ➜ Explicit dependency on target 'hermes-engine' in project 'Pods'
    Target 'React-RCTNetwork' in project 'Pods'
        ➜ Explicit dependency on target 'RCT-Folly' in project 'Pods'
        ➜ Explicit dependency on target 'RCTTypeSafety' in project 'Pods'
        ➜ Explicit dependency on target 'React-Codegen' in project 'Pods'
        ➜ Explicit dependency on target 'React-Core' in project 'Pods'
        ➜ Explicit dependency on target 'React-NativeModulesApple' in project 'Pods'
        ➜ Explicit dependency on target 'React-jsi' in project 'Pods'
        ➜ Explicit dependency on target 'ReactCommon' in project 'Pods'
    Target 'React-RCTAnimation' in project 'Pods'
        ➜ Explicit dependency on target 'RCT-Folly' in project 'Pods'
        ➜ Explicit dependency on target 'RCTTypeSafety' in project 'Pods'
        ➜ Explicit dependency on target 'React-Codegen' in project 'Pods'
        ➜ Explicit dependency on target 'React-Core' in project 'Pods'
        ➜ Explicit dependency on target 'React-NativeModulesApple' in project 'Pods'
        ➜ Explicit dependency on target 'React-jsi' in project 'Pods'
        ➜ Explicit dependency on target 'ReactCommon' in project 'Pods'
    Target 'React-Codegen' in project 'Pods'
        ➜ Explicit dependency on target 'DoubleConversion' in project 'Pods'
        ➜ Explicit dependency on target 'FBReactNativeSpec' in project 'Pods'
        ➜ Explicit dependency on target 'RCT-Folly' in project 'Pods'
        ➜ Explicit dependency on target 'RCTRequired' in project 'Pods'
        ➜ Explicit dependency on target 'RCTTypeSafety' in project 'Pods'
        ➜ Explicit dependency on target 'React-Core' in project 'Pods'
        ➜ Explicit dependency on target 'React-NativeModulesApple' in project 'Pods'
        ➜ Explicit dependency on target 'React-jsi' in project 'Pods'
        ➜ Explicit dependency on target 'React-jsiexecutor' in project 'Pods'
        ➜ Explicit dependency on target 'React-rncore' in project 'Pods'
        ➜ Explicit dependency on target 'ReactCommon' in project 'Pods'
        ➜ Explicit dependency on target 'glog' in project 'Pods'
        ➜ Explicit dependency on target 'hermes-engine' in project 'Pods'
    Target 'React-rncore' in project 'Pods' (no dependencies)
    Target 'React-NativeModulesApple' in project 'Pods'
        ➜ Explicit dependency on target 'React-Core' in project 'Pods'
        ➜ Explicit dependency on target 'React-callinvoker' in project 'Pods'
        ➜ Explicit dependency on target 'React-cxxreact' in project 'Pods'
        ➜ Explicit dependency on target 'React-jsi' in project 'Pods'
        ➜ Explicit dependency on target 'React-runtimeexecutor' in project 'Pods'
        ➜ Explicit dependency on target 'ReactCommon' in project 'Pods'
        ➜ Explicit dependency on target 'glog' in project 'Pods'
        ➜ Explicit dependency on target 'hermes-engine' in project 'Pods'
    Target 'React-RCTActionSheet' in project 'Pods'
        ➜ Explicit dependency on target 'React-Core' in project 'Pods'
    Target 'RNVectorIcons' in project 'Pods'
        ➜ Explicit dependency on target 'RCT-Folly' in project 'Pods'
        ➜ Explicit dependency on target 'React-Core' in project 'Pods'
        ➜ Explicit dependency on target 'glog' in project 'Pods'
    Target 'RNScreens' in project 'Pods'
        ➜ Explicit dependency on target 'RCT-Folly' in project 'Pods'
        ➜ Explicit dependency on target 'React-Core' in project 'Pods'
        ➜ Explicit dependency on target 'glog' in project 'Pods'
    Target 'RNReanimated' in project 'Pods'
        ➜ Explicit dependency on target 'RCT-Folly' in project 'Pods'
        ➜ Explicit dependency on target 'React-Core' in project 'Pods'
        ➜ Explicit dependency on target 'ReactCommon' in project 'Pods'
        ➜ Explicit dependency on target 'glog' in project 'Pods'
    Target 'RNGoogleSignin' in project 'Pods'
        ➜ Explicit dependency on target 'GoogleSignIn' in project 'Pods'
        ➜ Explicit dependency on target 'React-Core' in project 'Pods'
    Target 'RNGestureHandler' in project 'Pods'
        ➜ Explicit dependency on target 'RCT-Folly' in project 'Pods'
        ➜ Explicit dependency on target 'React-Core' in project 'Pods'
        ➜ Explicit dependency on target 'glog' in project 'Pods'
    Target 'RNFBCrashlytics' in project 'Pods'
        ➜ Explicit dependency on target 'Firebase' in project 'Pods'
        ➜ Explicit dependency on target 'FirebaseCoreExtension' in project 'Pods'
        ➜ Explicit dependency on target 'RNFBApp' in project 'Pods'
        ➜ Explicit dependency on target 'React-Core' in project 'Pods'
    Target 'RNFBAuth' in project 'Pods'
        ➜ Explicit dependency on target 'Firebase' in project 'Pods'
        ➜ Explicit dependency on target 'RNFBApp' in project 'Pods'
        ➜ Explicit dependency on target 'React-Core' in project 'Pods'
    Target 'RNFBApp' in project 'Pods'
        ➜ Explicit dependency on target 'Firebase' in project 'Pods'
        ➜ Explicit dependency on target 'React-Core' in project 'Pods'
    Target 'RNCMaskedView' in project 'Pods'
        ➜ Explicit dependency on target 'React-Core' in project 'Pods'
    Target 'MMKV' in project 'Pods'
        ➜ Explicit dependency on target 'MMKVCore' in project 'Pods'
    Target 'MMKVCore' in project 'Pods' (no dependencies)
    Target 'GoogleSignIn' in project 'Pods'
        ➜ Explicit dependency on target 'AppAuth' in project 'Pods'
        ➜ Explicit dependency on target 'GTMAppAuth' in project 'Pods'
        ➜ Explicit dependency on target 'GTMSessionFetcher' in project 'Pods'
        ➜ Explicit dependency on target 'GoogleSignIn-GoogleSignIn' in project 'Pods'
    Target 'GoogleSignIn-GoogleSignIn' in project 'Pods' (no dependencies)
    Target 'Google-Maps-iOS-Utils' in project 'Pods'
        ➜ Explicit dependency on target 'GoogleMaps' in project 'Pods'
    Target 'GoogleMaps' in project 'Pods' (no dependencies)
    Target 'GTMAppAuth' in project 'Pods'
        ➜ Explicit dependency on target 'AppAuth' in project 'Pods'
        ➜ Explicit dependency on target 'GTMSessionFetcher' in project 'Pods'
    Target 'Firebase' in project 'Pods'
        ➜ Explicit dependency on target 'FirebaseAuth' in project 'Pods'
        ➜ Explicit dependency on target 'FirebaseCore' in project 'Pods'
        ➜ Explicit dependency on target 'FirebaseCrashlytics' in project 'Pods'
    Target 'FirebaseCrashlytics' in project 'Pods'
        ➜ Explicit dependency on target 'FirebaseCore' in project 'Pods'
        ➜ Explicit dependency on target 'FirebaseInstallations' in project 'Pods'
        ➜ Explicit dependency on target 'FirebaseSessions' in project 'Pods'
        ➜ Explicit dependency on target 'GoogleDataTransport' in project 'Pods'
        ➜ Explicit dependency on target 'GoogleUtilities' in project 'Pods'
        ➜ Explicit dependency on target 'PromisesObjC' in project 'Pods'
        ➜ Explicit dependency on target 'nanopb' in project 'Pods'
    Target 'FirebaseSessions' in project 'Pods'
        ➜ Explicit dependency on target 'FirebaseCore' in project 'Pods'
        ➜ Explicit dependency on target 'FirebaseCoreExtension' in project 'Pods'
        ➜ Explicit dependency on target 'FirebaseInstallations' in project 'Pods'
        ➜ Explicit dependency on target 'GoogleDataTransport' in project 'Pods'
        ➜ Explicit dependency on target 'GoogleUtilities' in project 'Pods'
        ➜ Explicit dependency on target 'PromisesSwift' in project 'Pods'
        ➜ Explicit dependency on target 'nanopb' in project 'Pods'
    Target 'PromisesSwift' in project 'Pods'
        ➜ Explicit dependency on target 'PromisesObjC' in project 'Pods'
    Target 'GoogleDataTransport' in project 'Pods'
        ➜ Explicit dependency on target 'GoogleUtilities' in project 'Pods'
        ➜ Explicit dependency on target 'PromisesObjC' in project 'Pods'
        ➜ Explicit dependency on target 'nanopb' in project 'Pods'
    Target 'nanopb' in project 'Pods' (no dependencies)
    Target 'FirebaseCoreExtension' in project 'Pods'
        ➜ Explicit dependency on target 'FirebaseCore' in project 'Pods'
    Target 'FirebaseInstallations' in project 'Pods'
        ➜ Explicit dependency on target 'FirebaseCore' in project 'Pods'
        ➜ Explicit dependency on target 'GoogleUtilities' in project 'Pods'
        ➜ Explicit dependency on target 'PromisesObjC' in project 'Pods'
    Target 'FirebaseAuth' in project 'Pods'
        ➜ Explicit dependency on target 'FirebaseAppCheckInterop' in project 'Pods'
        ➜ Explicit dependency on target 'FirebaseCore' in project 'Pods'
        ➜ Explicit dependency on target 'GTMSessionFetcher' in project 'Pods'
        ➜ Explicit dependency on target 'GoogleUtilities' in project 'Pods'
        ➜ Explicit dependency on target 'RecaptchaInterop' in project 'Pods'
    Target 'RecaptchaInterop' in project 'Pods' (no dependencies)
    Target 'GTMSessionFetcher' in project 'Pods'
        ➜ Explicit dependency on target 'GTMSessionFetcher-GTMSessionFetcher_Core_Privacy' in project 'Pods'
    Target 'GTMSessionFetcher-GTMSessionFetcher_Core_Privacy' in project 'Pods' (no dependencies)
    Target 'FirebaseCore' in project 'Pods'
        ➜ Explicit dependency on target 'FirebaseCoreInternal' in project 'Pods'
        ➜ Explicit dependency on target 'GoogleUtilities' in project 'Pods'
    Target 'FirebaseCoreInternal' in project 'Pods'
        ➜ Explicit dependency on target 'GoogleUtilities' in project 'Pods'
    Target 'GoogleUtilities' in project 'Pods'
        ➜ Explicit dependency on target 'PromisesObjC' in project 'Pods'
    Target 'PromisesObjC' in project 'Pods' (no dependencies)
    Target 'FirebaseAppCheckInterop' in project 'Pods' (no dependencies)
    Target 'FBReactNativeSpec' in project 'Pods'
        ➜ Explicit dependency on target 'RCT-Folly' in project 'Pods'
        ➜ Explicit dependency on target 'RCTRequired' in project 'Pods'
        ➜ Explicit dependency on target 'RCTTypeSafety' in project 'Pods'
        ➜ Explicit dependency on target 'React-Core' in project 'Pods'
        ➜ Explicit dependency on target 'React-jsi' in project 'Pods'
        ➜ Explicit dependency on target 'ReactCommon' in project 'Pods'
    Target 'ReactCommon' in project 'Pods'
        ➜ Explicit dependency on target 'DoubleConversion' in project 'Pods'
        ➜ Explicit dependency on target 'RCT-Folly' in project 'Pods'
        ➜ Explicit dependency on target 'React-callinvoker' in project 'Pods'
        ➜ Explicit dependency on target 'React-cxxreact' in project 'Pods'
        ➜ Explicit dependency on target 'React-jsi' in project 'Pods'
        ➜ Explicit dependency on target 'React-logger' in project 'Pods'
        ➜ Explicit dependency on target 'React-perflogger' in project 'Pods'
        ➜ Explicit dependency on target 'fmt' in project 'Pods'
        ➜ Explicit dependency on target 'glog' in project 'Pods'
        ➜ Explicit dependency on target 'hermes-engine' in project 'Pods'
    Target 'RCTTypeSafety' in project 'Pods'
        ➜ Explicit dependency on target 'FBLazyVector' in project 'Pods'
        ➜ Explicit dependency on target 'RCTRequired' in project 'Pods'
        ➜ Explicit dependency on target 'React-Core' in project 'Pods'
    Target 'React-Core' in project 'Pods'
        ➜ Explicit dependency on target 'RCT-Folly' in project 'Pods'
        ➜ Explicit dependency on target 'React-Core-RCTI18nStrings' in project 'Pods'
        ➜ Explicit dependency on target 'React-cxxreact' in project 'Pods'
        ➜ Explicit dependency on target 'React-hermes' in project 'Pods'
        ➜ Explicit dependency on target 'React-jsi' in project 'Pods'
        ➜ Explicit dependency on target 'React-jsiexecutor' in project 'Pods'
        ➜ Explicit dependency on target 'React-jsinspector' in project 'Pods'
        ➜ Explicit dependency on target 'React-perflogger' in project 'Pods'
        ➜ Explicit dependency on target 'React-runtimescheduler' in project 'Pods'
        ➜ Explicit dependency on target 'React-utils' in project 'Pods'
        ➜ Explicit dependency on target 'SocketRocket' in project 'Pods'
        ➜ Explicit dependency on target 'Yoga' in project 'Pods'
        ➜ Explicit dependency on target 'glog' in project 'Pods'
        ➜ Explicit dependency on target 'hermes-engine' in project 'Pods'
    Target 'Yoga' in project 'Pods' (no dependencies)
    Target 'SocketRocket' in project 'Pods' (no dependencies)
    Target 'React-runtimescheduler' in project 'Pods'
        ➜ Explicit dependency on target 'RCT-Folly' in project 'Pods'
        ➜ Explicit dependency on target 'React-callinvoker' in project 'Pods'
        ➜ Explicit dependency on target 'React-cxxreact' in project 'Pods'
        ➜ Explicit dependency on target 'React-debug' in project 'Pods'
        ➜ Explicit dependency on target 'React-jsi' in project 'Pods'
        ➜ Explicit dependency on target 'React-rendererdebug' in project 'Pods'
        ➜ Explicit dependency on target 'React-runtimeexecutor' in project 'Pods'
        ➜ Explicit dependency on target 'React-utils' in project 'Pods'
        ➜ Explicit dependency on target 'glog' in project 'Pods'
        ➜ Explicit dependency on target 'hermes-engine' in project 'Pods'
    Target 'React-utils' in project 'Pods'
        ➜ Explicit dependency on target 'RCT-Folly' in project 'Pods'
        ➜ Explicit dependency on target 'React-debug' in project 'Pods'
        ➜ Explicit dependency on target 'glog' in project 'Pods'
    Target 'React-rendererdebug' in project 'Pods'
        ➜ Explicit dependency on target 'DoubleConversion' in project 'Pods'
        ➜ Explicit dependency on target 'RCT-Folly' in project 'Pods'
        ➜ Explicit dependency on target 'React-debug' in project 'Pods'
        ➜ Explicit dependency on target 'fmt' in project 'Pods'
    Target 'React-hermes' in project 'Pods'
        ➜ Explicit dependency on target 'DoubleConversion' in project 'Pods'
        ➜ Explicit dependency on target 'RCT-Folly' in project 'Pods'
        ➜ Explicit dependency on target 'React-cxxreact' in project 'Pods'
        ➜ Explicit dependency on target 'React-jsi' in project 'Pods'
        ➜ Explicit dependency on target 'React-jsiexecutor' in project 'Pods'
        ➜ Explicit dependency on target 'React-jsinspector' in project 'Pods'
        ➜ Explicit dependency on target 'React-perflogger' in project 'Pods'
        ➜ Explicit dependency on target 'fmt' in project 'Pods'
        ➜ Explicit dependency on target 'glog' in project 'Pods'
        ➜ Explicit dependency on target 'hermes-engine' in project 'Pods'
    Target 'React-jsiexecutor' in project 'Pods'
        ➜ Explicit dependency on target 'DoubleConversion' in project 'Pods'
        ➜ Explicit dependency on target 'RCT-Folly' in project 'Pods'
        ➜ Explicit dependency on target 'React-cxxreact' in project 'Pods'
        ➜ Explicit dependency on target 'React-jsi' in project 'Pods'
        ➜ Explicit dependency on target 'React-perflogger' in project 'Pods'
        ➜ Explicit dependency on target 'fmt' in project 'Pods'
        ➜ Explicit dependency on target 'glog' in project 'Pods'
        ➜ Explicit dependency on target 'hermes-engine' in project 'Pods'
    Target 'React-cxxreact' in project 'Pods'
        ➜ Explicit dependency on target 'DoubleConversion' in project 'Pods'
        ➜ Explicit dependency on target 'RCT-Folly' in project 'Pods'
        ➜ Explicit dependency on target 'React-callinvoker' in project 'Pods'
        ➜ Explicit dependency on target 'React-debug' in project 'Pods'
        ➜ Explicit dependency on target 'React-jsi' in project 'Pods'
        ➜ Explicit dependency on target 'React-jsinspector' in project 'Pods'
        ➜ Explicit dependency on target 'React-logger' in project 'Pods'
        ➜ Explicit dependency on target 'React-perflogger' in project 'Pods'
        ➜ Explicit dependency on target 'React-runtimeexecutor' in project 'Pods'
        ➜ Explicit dependency on target 'boost' in project 'Pods'
        ➜ Explicit dependency on target 'fmt' in project 'Pods'
        ➜ Explicit dependency on target 'glog' in project 'Pods'
        ➜ Explicit dependency on target 'hermes-engine' in project 'Pods'
    Target 'React-runtimeexecutor' in project 'Pods'
        ➜ Explicit dependency on target 'React-jsi' in project 'Pods'
    Target 'React-perflogger' in project 'Pods' (no dependencies)
    Target 'React-logger' in project 'Pods'
        ➜ Explicit dependency on target 'glog' in project 'Pods'
    Target 'React-jsinspector' in project 'Pods' (no dependencies)
    Target 'React-jsi' in project 'Pods'
        ➜ Explicit dependency on target 'DoubleConversion' in project 'Pods'
        ➜ Explicit dependency on target 'RCT-Folly' in project 'Pods'
        ➜ Explicit dependency on target 'boost' in project 'Pods'
        ➜ Explicit dependency on target 'fmt' in project 'Pods'
        ➜ Explicit dependency on target 'glog' in project 'Pods'
        ➜ Explicit dependency on target 'hermes-engine' in project 'Pods'
    Target 'hermes-engine' in project 'Pods' (no dependencies)
    Target 'React-debug' in project 'Pods' (no dependencies)
    Target 'React-callinvoker' in project 'Pods' (no dependencies)
    Target 'React-Core-RCTI18nStrings' in project 'Pods' (no dependencies)
    Target 'RCTRequired' in project 'Pods' (no dependencies)
    Target 'RCT-Folly' in project 'Pods'
        ➜ Explicit dependency on target 'DoubleConversion' in project 'Pods'
        ➜ Explicit dependency on target 'boost' in project 'Pods'
        ➜ Explicit dependency on target 'fmt' in project 'Pods'
        ➜ Explicit dependency on target 'glog' in project 'Pods'
        ➜ Explicit dependency on target 'libevent' in project 'Pods'
    Target 'libevent' in project 'Pods' (no dependencies)
    Target 'glog' in project 'Pods' (no dependencies)
    Target 'fmt' in project 'Pods' (no dependencies)
    Target 'boost' in project 'Pods' (no dependencies)
    Target 'FBLazyVector' in project 'Pods' (no dependencies)
    Target 'DoubleConversion' in project 'Pods' (no dependencies)
    Target 'AppAuth' in project 'Pods' (no dependencies)

GatherProvisioningInputs

CreateBuildDescription
Build description signature: 44c3d64bca1b665e75b2ab2fe870bd7d
Build description path: /Users/liorshaposhnikov/Library/Developer/Xcode/DerivedData/parkey-dncvobqnuugkgegprnunubemepiq/Build/Intermediates.noindex/XCBuildData/44c3d64bca1b665e75b2ab2fe870bd7d.xcbuilddata

error: Multiple commands produce '/Users/liorshaposhnikov/Library/Developer/Xcode/DerivedData/parkey-dncvobqnuugkgegprnunubemepiq/Build/Products/Debug-iphonesimulator/parkey.app/AntDesign.ttf'
    note: Target 'parkey' (project 'parkey') has copy command from '/Users/liorshaposhnikov/Desktop/ParkeyV3/parkey/node_modules/react-native-vector-icons/Fonts/AntDesign.ttf' to '/Users/liorshaposhnikov/Library/Developer/Xcode/DerivedData/parkey-dncvobqnuugkgegprnunubemepiq/Build/Products/Debug-iphonesimulator/parkey.app/AntDesign.ttf'
    note: That command depends on command in Target 'parkey' (project 'parkey'): script phase “[CP] Copy Pods Resources”
error: Multiple commands produce '/Users/liorshaposhnikov/Library/Developer/Xcode/DerivedData/parkey-dncvobqnuugkgegprnunubemepiq/Build/Products/Debug-iphonesimulator/parkey.app/Entypo.ttf'
    note: Target 'parkey' (project 'parkey') has copy command from '/Users/liorshaposhnikov/Desktop/ParkeyV3/parkey/node_modules/react-native-vector-icons/Fonts/Entypo.ttf' to '/Users/liorshaposhnikov/Library/Developer/Xcode/DerivedData/parkey-dncvobqnuugkgegprnunubemepiq/Build/Products/Debug-iphonesimulator/parkey.app/Entypo.ttf'
    note: That command depends on command in Target 'parkey' (project 'parkey'): script phase “[CP] Copy Pods Resources”
error: Multiple commands produce '/Users/liorshaposhnikov/Library/Developer/Xcode/DerivedData/parkey-dncvobqnuugkgegprnunubemepiq/Build/Products/Debug-iphonesimulator/parkey.app/EvilIcons.ttf'
    note: Target 'parkey' (project 'parkey') has copy command from '/Users/liorshaposhnikov/Desktop/ParkeyV3/parkey/node_modules/react-native-vector-icons/Fonts/EvilIcons.ttf' to '/Users/liorshaposhnikov/Library/Developer/Xcode/DerivedData/parkey-dncvobqnuugkgegprnunubemepiq/Build/Products/Debug-iphonesimulator/parkey.app/EvilIcons.ttf'
    note: That command depends on command in Target 'parkey' (project 'parkey'): script phase “[CP] Copy Pods Resources”
error: Multiple commands produce '/Users/liorshaposhnikov/Library/Developer/Xcode/DerivedData/parkey-dncvobqnuugkgegprnunubemepiq/Build/Products/Debug-iphonesimulator/parkey.app/Feather.ttf'
    note: Target 'parkey' (project 'parkey') has copy command from '/Users/liorshaposhnikov/Desktop/ParkeyV3/parkey/node_modules/react-native-vector-icons/Fonts/Feather.ttf' to '/Users/liorshaposhnikov/Library/Developer/Xcode/DerivedData/parkey-dncvobqnuugkgegprnunubemepiq/Build/Products/Debug-iphonesimulator/parkey.app/Feather.ttf'
    note: That command depends on command in Target 'parkey' (project 'parkey'): script phase “[CP] Copy Pods Resources”
error: Multiple commands produce '/Users/liorshaposhnikov/Library/Developer/Xcode/DerivedData/parkey-dncvobqnuugkgegprnunubemepiq/Build/Products/Debug-iphonesimulator/parkey.app/FontAwesome.ttf'
    note: Target 'parkey' (project 'parkey') has copy command from '/Users/liorshaposhnikov/Desktop/ParkeyV3/parkey/node_modules/react-native-vector-icons/Fonts/FontAwesome.ttf' to '/Users/liorshaposhnikov/Library/Developer/Xcode/DerivedData/parkey-dncvobqnuugkgegprnunubemepiq/Build/Products/Debug-iphonesimulator/parkey.app/FontAwesome.ttf'
    note: That command depends on command in Target 'parkey' (project 'parkey'): script phase “[CP] Copy Pods Resources”
error: Multiple commands produce '/Users/liorshaposhnikov/Library/Developer/Xcode/DerivedData/parkey-dncvobqnuugkgegprnunubemepiq/Build/Products/Debug-iphonesimulator/parkey.app/FontAwesome5_Brands.ttf'
    note: Target 'parkey' (project 'parkey') has copy command from '/Users/liorshaposhnikov/Desktop/ParkeyV3/parkey/node_modules/react-native-vector-icons/Fonts/FontAwesome5_Brands.ttf' to '/Users/liorshaposhnikov/Library/Developer/Xcode/DerivedData/parkey-dncvobqnuugkgegprnunubemepiq/Build/Products/Debug-iphonesimulator/parkey.app/FontAwesome5_Brands.ttf'
    note: That command depends on command in Target 'parkey' (project 'parkey'): script phase “[CP] Copy Pods Resources”
error: Multiple commands produce '/Users/liorshaposhnikov/Library/Developer/Xcode/DerivedData/parkey-dncvobqnuugkgegprnunubemepiq/Build/Products/Debug-iphonesimulator/parkey.app/FontAwesome5_Regular.ttf'
    note: Target 'parkey' (project 'parkey') has copy command from '/Users/liorshaposhnikov/Desktop/ParkeyV3/parkey/node_modules/react-native-vector-icons/Fonts/FontAwesome5_Regular.ttf' to '/Users/liorshaposhnikov/Library/Developer/Xcode/DerivedData/parkey-dncvobqnuugkgegprnunubemepiq/Build/Products/Debug-iphonesimulator/parkey.app/FontAwesome5_Regular.ttf'
    note: That command depends on command in Target 'parkey' (project 'parkey'): script phase “[CP] Copy Pods Resources”
error: Multiple commands produce '/Users/liorshaposhnikov/Library/Developer/Xcode/DerivedData/parkey-dncvobqnuugkgegprnunubemepiq/Build/Products/Debug-iphonesimulator/parkey.app/FontAwesome5_Solid.ttf'
    note: Target 'parkey' (project 'parkey') has copy command from '/Users/liorshaposhnikov/Desktop/ParkeyV3/parkey/node_modules/react-native-vector-icons/Fonts/FontAwesome5_Solid.ttf' to '/Users/liorshaposhnikov/Library/Developer/Xcode/DerivedData/parkey-dncvobqnuugkgegprnunubemepiq/Build/Products/Debug-iphonesimulator/parkey.app/FontAwesome5_Solid.ttf'
    note: That command depends on command in Target 'parkey' (project 'parkey'): script phase “[CP] Copy Pods Resources”
error: Multiple commands produce '/Users/liorshaposhnikov/Library/Developer/Xcode/DerivedData/parkey-dncvobqnuugkgegprnunubemepiq/Build/Products/Debug-iphonesimulator/parkey.app/FontAwesome6_Brands.ttf'
    note: Target 'parkey' (project 'parkey') has copy command from '/Users/liorshaposhnikov/Desktop/ParkeyV3/parkey/node_modules/react-native-vector-icons/Fonts/FontAwesome6_Brands.ttf' to '/Users/liorshaposhnikov/Library/Developer/Xcode/DerivedData/parkey-dncvobqnuugkgegprnunubemepiq/Build/Products/Debug-iphonesimulator/parkey.app/FontAwesome6_Brands.ttf'
    note: That command depends on command in Target 'parkey' (project 'parkey'): script phase “[CP] Copy Pods Resources”
error: Multiple commands produce '/Users/liorshaposhnikov/Library/Developer/Xcode/DerivedData/parkey-dncvobqnuugkgegprnunubemepiq/Build/Products/Debug-iphonesimulator/parkey.app/FontAwesome6_Regular.ttf'
    note: Target 'parkey' (project 'parkey') has copy command from '/Users/liorshaposhnikov/Desktop/ParkeyV3/parkey/node_modules/react-native-vector-icons/Fonts/FontAwesome6_Regular.ttf' to '/Users/liorshaposhnikov/Library/Developer/Xcode/DerivedData/parkey-dncvobqnuugkgegprnunubemepiq/Build/Products/Debug-iphonesimulator/parkey.app/FontAwesome6_Regular.ttf'
    note: That command depends on command in Target 'parkey' (project 'parkey'): script phase “[CP] Copy Pods Resources”
error: Multiple commands produce '/Users/liorshaposhnikov/Library/Developer/Xcode/DerivedData/parkey-dncvobqnuugkgegprnunubemepiq/Build/Products/Debug-iphonesimulator/parkey.app/FontAwesome6_Solid.ttf'
    note: Target 'parkey' (project 'parkey') has copy command from '/Users/liorshaposhnikov/Desktop/ParkeyV3/parkey/node_modules/react-native-vector-icons/Fonts/FontAwesome6_Solid.ttf' to '/Users/liorshaposhnikov/Library/Developer/Xcode/DerivedData/parkey-dncvobqnuugkgegprnunubemepiq/Build/Products/Debug-iphonesimulator/parkey.app/FontAwesome6_Solid.ttf'
    note: That command depends on command in Target 'parkey' (project 'parkey'): script phase “[CP] Copy Pods Resources”
error: Multiple commands produce '/Users/liorshaposhnikov/Library/Developer/Xcode/DerivedData/parkey-dncvobqnuugkgegprnunubemepiq/Build/Products/Debug-iphonesimulator/parkey.app/Fontisto.ttf'
    note: Target 'parkey' (project 'parkey') has copy command from '/Users/liorshaposhnikov/Desktop/ParkeyV3/parkey/node_modules/react-native-vector-icons/Fonts/Fontisto.ttf' to '/Users/liorshaposhnikov/Library/Developer/Xcode/DerivedData/parkey-dncvobqnuugkgegprnunubemepiq/Build/Products/Debug-iphonesimulator/parkey.app/Fontisto.ttf'
    note: That command depends on command in Target 'parkey' (project 'parkey'): script phase “[CP] Copy Pods Resources”
error: Multiple commands produce '/Users/liorshaposhnikov/Library/Developer/Xcode/DerivedData/parkey-dncvobqnuugkgegprnunubemepiq/Build/Products/Debug-iphonesimulator/parkey.app/Foundation.ttf'
    note: Target 'parkey' (project 'parkey') has copy command from '/Users/liorshaposhnikov/Desktop/ParkeyV3/parkey/node_modules/react-native-vector-icons/Fonts/Foundation.ttf' to '/Users/liorshaposhnikov/Library/Developer/Xcode/DerivedData/parkey-dncvobqnuugkgegprnunubemepiq/Build/Products/Debug-iphonesimulator/parkey.app/Foundation.ttf'
    note: That command depends on command in Target 'parkey' (project 'parkey'): script phase “[CP] Copy Pods Resources”
error: Multiple commands produce '/Users/liorshaposhnikov/Library/Developer/Xcode/DerivedData/parkey-dncvobqnuugkgegprnunubemepiq/Build/Products/Debug-iphonesimulator/parkey.app/Ionicons.ttf'
    note: Target 'parkey' (project 'parkey') has copy command from '/Users/liorshaposhnikov/Desktop/ParkeyV3/parkey/node_modules/react-native-vector-icons/Fonts/Ionicons.ttf' to '/Users/liorshaposhnikov/Library/Developer/Xcode/DerivedData/parkey-dncvobqnuugkgegprnunubemepiq/Build/Products/Debug-iphonesimulator/parkey.app/Ionicons.ttf'
    note: That command depends on command in Target 'parkey' (project 'parkey'): script phase “[CP] Copy Pods Resources”
error: Multiple commands produce '/Users/liorshaposhnikov/Library/Developer/Xcode/DerivedData/parkey-dncvobqnuugkgegprnunubemepiq/Build/Products/Debug-iphonesimulator/parkey.app/MaterialCommunityIcons.ttf'
    note: Target 'parkey' (project 'parkey') has copy command from '/Users/liorshaposhnikov/Desktop/ParkeyV3/parkey/node_modules/react-native-vector-icons/Fonts/MaterialCommunityIcons.ttf' to '/Users/liorshaposhnikov/Library/Developer/Xcode/DerivedData/parkey-dncvobqnuugkgegprnunubemepiq/Build/Products/Debug-iphonesimulator/parkey.app/MaterialCommunityIcons.ttf'
    note: That command depends on command in Target 'parkey' (project 'parkey'): script phase “[CP] Copy Pods Resources”
error: Multiple commands produce '/Users/liorshaposhnikov/Library/Developer/Xcode/DerivedData/parkey-dncvobqnuugkgegprnunubemepiq/Build/Products/Debug-iphonesimulator/parkey.app/MaterialIcons.ttf'
    note: Target 'parkey' (project 'parkey') has copy command from '/Users/liorshaposhnikov/Desktop/ParkeyV3/parkey/node_modules/react-native-vector-icons/Fonts/MaterialIcons.ttf' to '/Users/liorshaposhnikov/Library/Developer/Xcode/DerivedData/parkey-dncvobqnuugkgegprnunubemepiq/Build/Products/Debug-iphonesimulator/parkey.app/MaterialIcons.ttf'
    note: That command depends on command in Target 'parkey' (project 'parkey'): script phase “[CP] Copy Pods Resources”
error: Multiple commands produce '/Users/liorshaposhnikov/Library/Developer/Xcode/DerivedData/parkey-dncvobqnuugkgegprnunubemepiq/Build/Products/Debug-iphonesimulator/parkey.app/Octicons.ttf'
    note: Target 'parkey' (project 'parkey') has copy command from '/Users/liorshaposhnikov/Desktop/ParkeyV3/parkey/node_modules/react-native-vector-icons/Fonts/Octicons.ttf' to '/Users/liorshaposhnikov/Library/Developer/Xcode/DerivedData/parkey-dncvobqnuugkgegprnunubemepiq/Build/Products/Debug-iphonesimulator/parkey.app/Octicons.ttf'
    note: That command depends on command in Target 'parkey' (project 'parkey'): script phase “[CP] Copy Pods Resources”
error: Multiple commands produce '/Users/liorshaposhnikov/Library/Developer/Xcode/DerivedData/parkey-dncvobqnuugkgegprnunubemepiq/Build/Products/Debug-iphonesimulator/parkey.app/SimpleLineIcons.ttf'
    note: Target 'parkey' (project 'parkey') has copy command from '/Users/liorshaposhnikov/Desktop/ParkeyV3/parkey/node_modules/react-native-vector-icons/Fonts/SimpleLineIcons.ttf' to '/Users/liorshaposhnikov/Library/Developer/Xcode/DerivedData/parkey-dncvobqnuugkgegprnunubemepiq/Build/Products/Debug-iphonesimulator/parkey.app/SimpleLineIcons.ttf'
    note: That command depends on command in Target 'parkey' (project 'parkey'): script phase “[CP] Copy Pods Resources”
error: Multiple commands produce '/Users/liorshaposhnikov/Library/Developer/Xcode/DerivedData/parkey-dncvobqnuugkgegprnunubemepiq/Build/Products/Debug-iphonesimulator/parkey.app/Zocial.ttf'
    note: Target 'parkey' (project 'parkey') has copy command from '/Users/liorshaposhnikov/Desktop/ParkeyV3/parkey/node_modules/react-native-vector-icons/Fonts/Zocial.ttf' to '/Users/liorshaposhnikov/Library/Developer/Xcode/DerivedData/parkey-dncvobqnuugkgegprnunubemepiq/Build/Products/Debug-iphonesimulator/parkey.app/Zocial.ttf'
    note: That command depends on command in Target 'parkey' (project 'parkey'): script phase “[CP] Copy Pods Resources”
warning: Run script build phase '[CP-User] [Hermes] Replace Hermes for the right configuration, if needed' will be run during every build because it does not specify any outputs. To address this warning, either add output dependencies to the script phase, or configure it to run in every build by unchecking "Based on dependency analysis" in the script phase. (in target 'hermes-engine' from project 'Pods')
warning: Run script build phase 'Create Symlinks to Header Folders' will be run during every build because it does not specify any outputs. To address this warning, either add output dependencies to the script phase, or configure it to run in every build by unchecking "Based on dependency analysis" in the script phase. (in target 'React-nativeconfig' from project 'Pods')
warning: Run script build phase 'Create Symlinks to Header Folders' will be run during every build because it does not specify any outputs. To address this warning, either add output dependencies to the script phase, or configure it to run in every build by unchecking "Based on dependency analysis" in the script phase. (in target 'React-NativeModulesApple' from project 'Pods')
warning: Run script build phase 'Create Symlinks to Header Folders' will be run during every build because it does not specify any outputs. To address this warning, either add output dependencies to the script phase, or configure it to run in every build by unchecking "Based on dependency analysis" in the script phase. (in target 'React-ImageManager' from project 'Pods')
/Users/liorshaposhnikov/Desktop/ParkeyV3/parkey/ios/Pods/Pods.xcodeproj: warning: The iOS Simulator deployment target 'IPHONEOS_DEPLOYMENT_TARGET' is set to 10.0, but the range of supported deployment target versions is 12.0 to 17.2.99. (in target 'GoogleSignIn-GoogleSignIn' from project 'Pods')
warning: Run script build phase 'Create Symlinks to Header Folders' will be run during every build because it does not specify any outputs. To address this warning, either add output dependencies to the script phase, or configure it to run in every build by unchecking "Based on dependency analysis" in the script phase. (in target 'React-Fabric' from project 'Pods')
warning: Run script build phase 'Create Symlinks to Header Folders' will be run during every build because it does not specify any outputs. To address this warning, either add output dependencies to the script phase, or configure it to run in every build by unchecking "Based on dependency analysis" in the script phase. (in target 'React-jserrorhandler' from project 'Pods')
warning: Run script build phase 'Create Symlinks to Header Folders' will be run during every build because it does not specify any outputs. To address this warning, either add output dependencies to the script phase, or configure it to run in every build by unchecking "Based on dependency analysis" in the script phase. (in target 'Yoga' from project 'Pods')
warning: Run script build phase 'Create Symlinks to Header Folders' will be run during every build because it does not specify any outputs. To address this warning, either add output dependencies to the script phase, or configure it to run in every build by unchecking "Based on dependency analysis" in the script phase. (in target 'fmt' from project 'Pods')
warning: Run script build phase 'Create Symlinks to Header Folders' will be run during every build because it does not specify any outputs. To address this warning, either add output dependencies to the script phase, or configure it to run in every build by unchecking "Based on dependency analysis" in the script phase. (in target 'React-Codegen' from project 'Pods')
warning: Run script build phase 'Create Symlinks to Header Folders' will be run during every build because it does not specify any outputs. To address this warning, either add output dependencies to the script phase, or configure it to run in every build by unchecking "Based on dependency analysis" in the script phase. (in target 'React-FabricImage' from project 'Pods')
warning: Run script build phase 'Create Symlinks to Header Folders' will be run during every build because it does not specify any outputs. To address this warning, either add output dependencies to the script phase, or configure it to run in every build by unchecking "Based on dependency analysis" in the script phase. (in target 'React-graphics' from project 'Pods')
warning: Run script build phase 'Create Symlinks to Header Folders' will be run during every build because it does not specify any outputs. To address this warning, either add output dependencies to the script phase, or configure it to run in every build by unchecking "Based on dependency analysis" in the script phase. (in target 'ReactCommon' from project 'Pods')
warning: Run script build phase 'Start Packager' will be run during every build because it does not specify any outputs. To address this warning, either add output dependencies to the script phase, or configure it to run in every build by unchecking "Based on dependency analysis" in the script phase. (in target 'parkey' from project 'parkey')
warning: Run script build phase 'Bundle React Native code and images' will be run during every build because it does not specify any outputs. To address this warning, either add output dependencies to the script phase, or configure it to run in every build by unchecking "Based on dependency analysis" in the script phase. (in target 'parkey' from project 'parkey')
warning: Run script build phase '[CP-User] [RNFB] Crashlytics Configuration' will be run during every build because it does not specify any outputs. To address this warning, either add output dependencies to the script phase, or configure it to run in every build by unchecking "Based on dependency analysis" in the script phase. (in target 'parkey' from project 'parkey')
warning: Run script build phase '[CP-User] [RNFB] Core Configuration' will be run during every build because it does not specify any outputs. To address this warning, either add output dependencies to the script phase, or configure it to run in every build by unchecking "Based on dependency analysis" in the script phase. (in target 'parkey' from project 'parkey')
warning: duplicate output file '/Users/liorshaposhnikov/Library/Developer/Xcode/DerivedData/parkey-dncvobqnuugkgegprnunubemepiq/Build/Products/Debug-iphonesimulator/parkey.app/AntDesign.ttf' on task: PhaseScriptExecution [CP] Copy Pods Resources /Users/liorshaposhnikov/Library/Developer/Xcode/DerivedData/parkey-dncvobqnuugkgegprnunubemepiq/Build/Intermediates.noindex/parkey.build/Debug-iphonesimulator/parkey.build/Script-16A2341DC54FDF7735A762EF.sh (in target 'parkey' from project 'parkey')
warning: duplicate output file '/Users/liorshaposhnikov/Library/Developer/Xcode/DerivedData/parkey-dncvobqnuugkgegprnunubemepiq/Build/Products/Debug-iphonesimulator/parkey.app/Entypo.ttf' on task: PhaseScriptExecution [CP] Copy Pods Resources /Users/liorshaposhnikov/Library/Developer/Xcode/DerivedData/parkey-dncvobqnuugkgegprnunubemepiq/Build/Intermediates.noindex/parkey.build/Debug-iphonesimulator/parkey.build/Script-16A2341DC54FDF7735A762EF.sh (in target 'parkey' from project 'parkey')
warning: duplicate output file '/Users/liorshaposhnikov/Library/Developer/Xcode/DerivedData/parkey-dncvobqnuugkgegprnunubemepiq/Build/Products/Debug-iphonesimulator/parkey.app/EvilIcons.ttf' on task: PhaseScriptExecution [CP] Copy Pods Resources /Users/liorshaposhnikov/Library/Developer/Xcode/DerivedData/parkey-dncvobqnuugkgegprnunubemepiq/Build/Intermediates.noindex/parkey.build/Debug-iphonesimulator/parkey.build/Script-16A2341DC54FDF7735A762EF.sh (in target 'parkey' from project 'parkey')
warning: duplicate output file '/Users/liorshaposhnikov/Library/Developer/Xcode/DerivedData/parkey-dncvobqnuugkgegprnunubemepiq/Build/Products/Debug-iphonesimulator/parkey.app/Feather.ttf' on task: PhaseScriptExecution [CP] Copy Pods Resources /Users/liorshaposhnikov/Library/Developer/Xcode/DerivedData/parkey-dncvobqnuugkgegprnunubemepiq/Build/Intermediates.noindex/parkey.build/Debug-iphonesimulator/parkey.build/Script-16A2341DC54FDF7735A762EF.sh (in target 'parkey' from project 'parkey')
warning: duplicate output file '/Users/liorshaposhnikov/Library/Developer/Xcode/DerivedData/parkey-dncvobqnuugkgegprnunubemepiq/Build/Products/Debug-iphonesimulator/parkey.app/FontAwesome.ttf' on task: PhaseScriptExecution [CP] Copy Pods Resources /Users/liorshaposhnikov/Library/Developer/Xcode/DerivedData/parkey-dncvobqnuugkgegprnunubemepiq/Build/Intermediates.noindex/parkey.build/Debug-iphonesimulator/parkey.build/Script-16A2341DC54FDF7735A762EF.sh (in target 'parkey' from project 'parkey')
warning: duplicate output file '/Users/liorshaposhnikov/Library/Developer/Xcode/DerivedData/parkey-dncvobqnuugkgegprnunubemepiq/Build/Products/Debug-iphonesimulator/parkey.app/FontAwesome5_Brands.ttf' on task: PhaseScriptExecution [CP] Copy Pods Resources /Users/liorshaposhnikov/Library/Developer/Xcode/DerivedData/parkey-dncvobqnuugkgegprnunubemepiq/Build/Intermediates.noindex/parkey.build/Debug-iphonesimulator/parkey.build/Script-16A2341DC54FDF7735A762EF.sh (in target 'parkey' from project 'parkey')
warning: duplicate output file '/Users/liorshaposhnikov/Library/Developer/Xcode/DerivedData/parkey-dncvobqnuugkgegprnunubemepiq/Build/Products/Debug-iphonesimulator/parkey.app/FontAwesome5_Regular.ttf' on task: PhaseScriptExecution [CP] Copy Pods Resources /Users/liorshaposhnikov/Library/Developer/Xcode/DerivedData/parkey-dncvobqnuugkgegprnunubemepiq/Build/Intermediates.noindex/parkey.build/Debug-iphonesimulator/parkey.build/Script-16A2341DC54FDF7735A762EF.sh (in target 'parkey' from project 'parkey')
warning: duplicate output file '/Users/liorshaposhnikov/Library/Developer/Xcode/DerivedData/parkey-dncvobqnuugkgegprnunubemepiq/Build/Products/Debug-iphonesimulator/parkey.app/FontAwesome5_Solid.ttf' on task: PhaseScriptExecution [CP] Copy Pods Resources /Users/liorshaposhnikov/Library/Developer/Xcode/DerivedData/parkey-dncvobqnuugkgegprnunubemepiq/Build/Intermediates.noindex/parkey.build/Debug-iphonesimulator/parkey.build/Script-16A2341DC54FDF7735A762EF.sh (in target 'parkey' from project 'parkey')
warning: duplicate output file '/Users/liorshaposhnikov/Library/Developer/Xcode/DerivedData/parkey-dncvobqnuugkgegprnunubemepiq/Build/Products/Debug-iphonesimulator/parkey.app/FontAwesome6_Brands.ttf' on task: PhaseScriptExecution [CP] Copy Pods Resources /Users/liorshaposhnikov/Library/Developer/Xcode/DerivedData/parkey-dncvobqnuugkgegprnunubemepiq/Build/Intermediates.noindex/parkey.build/Debug-iphonesimulator/parkey.build/Script-16A2341DC54FDF7735A762EF.sh (in target 'parkey' from project 'parkey')
warning: duplicate output file '/Users/liorshaposhnikov/Library/Developer/Xcode/DerivedData/parkey-dncvobqnuugkgegprnunubemepiq/Build/Products/Debug-iphonesimulator/parkey.app/FontAwesome6_Regular.ttf' on task: PhaseScriptExecution [CP] Copy Pods Resources /Users/liorshaposhnikov/Library/Developer/Xcode/DerivedData/parkey-dncvobqnuugkgegprnunubemepiq/Build/Intermediates.noindex/parkey.build/Debug-iphonesimulator/parkey.build/Script-16A2341DC54FDF7735A762EF.sh (in target 'parkey' from project 'parkey')
warning: duplicate output file '/Users/liorshaposhnikov/Library/Developer/Xcode/DerivedData/parkey-dncvobqnuugkgegprnunubemepiq/Build/Products/Debug-iphonesimulator/parkey.app/FontAwesome6_Solid.ttf' on task: PhaseScriptExecution [CP] Copy Pods Resources /Users/liorshaposhnikov/Library/Developer/Xcode/DerivedData/parkey-dncvobqnuugkgegprnunubemepiq/Build/Intermediates.noindex/parkey.build/Debug-iphonesimulator/parkey.build/Script-16A2341DC54FDF7735A762EF.sh (in target 'parkey' from project 'parkey')
warning: duplicate output file '/Users/liorshaposhnikov/Library/Developer/Xcode/DerivedData/parkey-dncvobqnuugkgegprnunubemepiq/Build/Products/Debug-iphonesimulator/parkey.app/Fontisto.ttf' on task: PhaseScriptExecution [CP] Copy Pods Resources /Users/liorshaposhnikov/Library/Developer/Xcode/DerivedData/parkey-dncvobqnuugkgegprnunubemepiq/Build/Intermediates.noindex/parkey.build/Debug-iphonesimulator/parkey.build/Script-16A2341DC54FDF7735A762EF.sh (in target 'parkey' from project 'parkey')
warning: duplicate output file '/Users/liorshaposhnikov/Library/Developer/Xcode/DerivedData/parkey-dncvobqnuugkgegprnunubemepiq/Build/Products/Debug-iphonesimulator/parkey.app/Foundation.ttf' on task: PhaseScriptExecution [CP] Copy Pods Resources /Users/liorshaposhnikov/Library/Developer/Xcode/DerivedData/parkey-dncvobqnuugkgegprnunubemepiq/Build/Intermediates.noindex/parkey.build/Debug-iphonesimulator/parkey.build/Script-16A2341DC54FDF7735A762EF.sh (in target 'parkey' from project 'parkey')
warning: duplicate output file '/Users/liorshaposhnikov/Library/Developer/Xcode/DerivedData/parkey-dncvobqnuugkgegprnunubemepiq/Build/Products/Debug-iphonesimulator/parkey.app/Ionicons.ttf' on task: PhaseScriptExecution [CP] Copy Pods Resources /Users/liorshaposhnikov/Library/Developer/Xcode/DerivedData/parkey-dncvobqnuugkgegprnunubemepiq/Build/Intermediates.noindex/parkey.build/Debug-iphonesimulator/parkey.build/Script-16A2341DC54FDF7735A762EF.sh (in target 'parkey' from project 'parkey')
warning: duplicate output file '/Users/liorshaposhnikov/Library/Developer/Xcode/DerivedData/parkey-dncvobqnuugkgegprnunubemepiq/Build/Products/Debug-iphonesimulator/parkey.app/MaterialCommunityIcons.ttf' on task: PhaseScriptExecution [CP] Copy Pods Resources /Users/liorshaposhnikov/Library/Developer/Xcode/DerivedData/parkey-dncvobqnuugkgegprnunubemepiq/Build/Intermediates.noindex/parkey.build/Debug-iphonesimulator/parkey.build/Script-16A2341DC54FDF7735A762EF.sh (in target 'parkey' from project 'parkey')
warning: duplicate output file '/Users/liorshaposhnikov/Library/Developer/Xcode/DerivedData/parkey-dncvobqnuugkgegprnunubemepiq/Build/Products/Debug-iphonesimulator/parkey.app/MaterialIcons.ttf' on task: PhaseScriptExecution [CP] Copy Pods Resources /Users/liorshaposhnikov/Library/Developer/Xcode/DerivedData/parkey-dncvobqnuugkgegprnunubemepiq/Build/Intermediates.noindex/parkey.build/Debug-iphonesimulator/parkey.build/Script-16A2341DC54FDF7735A762EF.sh (in target 'parkey' from project 'parkey')
warning: duplicate output file '/Users/liorshaposhnikov/Library/Developer/Xcode/DerivedData/parkey-dncvobqnuugkgegprnunubemepiq/Build/Products/Debug-iphonesimulator/parkey.app/Octicons.ttf' on task: PhaseScriptExecution [CP] Copy Pods Resources /Users/liorshaposhnikov/Library/Developer/Xcode/DerivedData/parkey-dncvobqnuugkgegprnunubemepiq/Build/Intermediates.noindex/parkey.build/Debug-iphonesimulator/parkey.build/Script-16A2341DC54FDF7735A762EF.sh (in target 'parkey' from project 'parkey')
warning: duplicate output file '/Users/liorshaposhnikov/Library/Developer/Xcode/DerivedData/parkey-dncvobqnuugkgegprnunubemepiq/Build/Products/Debug-iphonesimulator/parkey.app/SimpleLineIcons.ttf' on task: PhaseScriptExecution [CP] Copy Pods Resources /Users/liorshaposhnikov/Library/Developer/Xcode/DerivedData/parkey-dncvobqnuugkgegprnunubemepiq/Build/Intermediates.noindex/parkey.build/Debug-iphonesimulator/parkey.build/Script-16A2341DC54FDF7735A762EF.sh (in target 'parkey' from project 'parkey')
warning: duplicate output file '/Users/liorshaposhnikov/Library/Developer/Xcode/DerivedData/parkey-dncvobqnuugkgegprnunubemepiq/Build/Products/Debug-iphonesimulator/parkey.app/Zocial.ttf' on task: PhaseScriptExecution [CP] Copy Pods Resources /Users/liorshaposhnikov/Library/Developer/Xcode/DerivedData/parkey-dncvobqnuugkgegprnunubemepiq/Build/Intermediates.noindex/parkey.build/Debug-iphonesimulator/parkey.build/Script-16A2341DC54FDF7735A762EF.sh (in target 'parkey' from project 'parkey')
warning: Run script build phase 'Create Symlinks to Header Folders' will be run during every build because it does not specify any outputs. To address this warning, either add output dependencies to the script phase, or configure it to run in every build by unchecking "Based on dependency analysis" in the script phase. (in target 'React-Mapbuffer' from project 'Pods')
warning: Run script build phase 'Create Symlinks to Header Folders' will be run during every build because it does not specify any outputs. To address this warning, either add output dependencies to the script phase, or configure it to run in every build by unchecking "Based on dependency analysis" in the script phase. (in target 'React-runtimescheduler' from project 'Pods')
/Users/liorshaposhnikov/Desktop/ParkeyV3/parkey/ios/Pods/Pods.xcodeproj: warning: The iOS Simulator deployment target 'IPHONEOS_DEPLOYMENT_TARGET' is set to 10.0, but the range of supported deployment target versions is 12.0 to 17.2.99. (in target 'GTMSessionFetcher-GTMSessionFetcher_Core_Privacy' from project 'Pods')
warning: Run script build phase 'Create Symlinks to Header Folders' will be run during every build because it does not specify any outputs. To address this warning, either add output dependencies to the script phase, or configure it to run in every build by unchecking "Based on dependency analysis" in the script phase. (in target 'RCT-Folly' from project 'Pods')
warning: Run script build phase 'Create Symlinks to Header Folders' will be run during every build because it does not specify any outputs. To address this warning, either add output dependencies to the script phase, or configure it to run in every build by unchecking "Based on dependency analysis" in the script phase. (in target 'React-debug' from project 'Pods')
warning: Run script build phase 'Create Symlinks to Header Folders' will be run during every build because it does not specify any outputs. To address this warning, either add output dependencies to the script phase, or configure it to run in every build by unchecking "Based on dependency analysis" in the script phase. (in target 'React-utils' from project 'Pods')
warning: Run script build phase 'Create Symlinks to Header Folders' will be run during every build because it does not specify any outputs. To address this warning, either add output dependencies to the script phase, or configure it to run in every build by unchecking "Based on dependency analysis" in the script phase. (in target 'React-rendererdebug' from project 'Pods')
